<?xml version="1.0" encoding="UTF-8"?>
<testng-results ignored="0" total="1" passed="1" failed="0" skipped="0">
  <reporter-output>
  </reporter-output>
  <suite started-at="2020-06-05T11:23:34 IST" name="Default suite" finished-at="2020-06-05T11:23:38 IST" duration-ms="3678">
    <groups>
    </groups>
    <test started-at="2020-06-05T11:23:34 IST" name="Default test" finished-at="2020-06-05T11:23:38 IST" duration-ms="3678">
      <class name="exceldrivenapi.Apiexceldatadriven">
        <test-method signature="addBook()[pri:0, instance:exceldrivenapi.Apiexceldatadriven@484970b0]" started-at="2020-06-05T11:23:34 IST" name="addBook" finished-at="2020-06-05T11:23:38 IST" duration-ms="3633" status="PASS">
          <reporter-output>
          </reporter-output>
        </test-method> <!-- addBook -->
      </class> <!-- exceldrivenapi.Apiexceldatadriven -->
    </test> <!-- Default test -->
  </suite> <!-- Default suite -->
</testng-results>
